Looking for git in: git
Using git 2.23.0 from git
> git rev-parse --show-toplevel
fatal: not a git repository (or any of the parent directories): .git
> git rev-parse --show-toplevel
fatal: not a git repository (or any of the parent directories): .git
> git rev-parse --show-toplevel
fatal: not a git repository (or any of the parent directories): .git
> git rev-parse --show-toplevel
> git rev-parse --git-dir
> git config --get commit.template
Open repository: /share/linux
> git status -z -u
> git symbolic-ref --short HEAD
fatal: ref HEAD is not a symbolic ref
> git rev-parse HEAD
> git for-each-ref --format %(refname) %(objectname) --sort -committerdate
> git remote --verbose
> git rev-parse --show-toplevel
> git check-ignore -v -z --stdin
fatal: not a git repository (or any of the parent directories): .git
> git rev-parse --show-toplevel
fatal: not a git repository (or any of the parent directories): .git
> git rev-parse --show-toplevel
fatal: not a git repository (or any of the parent directories): .git
> git check-ignore -v -z --stdin
> git check-ignore -v -z --stdin
> git check-ignore -v -z --stdin
> git show :kernel/sys_s2_encrypt.c
> git ls-files --stage -- kernel/
> git show :kernel/sys_s2_encrypt.c
> git ls-files --stage -- kernel/
> git rev-parse --show-toplevel
fatal: not a git repository (or any of the parent directories): .git
> git check-ignore -v -z --stdin
> git show :kernel/sys_s2_encrypt.c
> git ls-files --stage -- kernel/
> git check-ignore -v -z --stdin
> git rev-parse --show-toplevel
fatal: not a git repository (or any of the parent directories): .git
> git check-ignore -v -z --stdin
> git check-ignore -v -z --stdin
> git check-ignore -v -z --stdin
> git check-ignore -v -z --stdin
> git rev-parse --show-toplevel
fatal: not a git repository (or any of the parent directories): .git
